rch0420070621       2.071580E+00
rch0420070719       2.500635E+00
rch0420070817       2.876104E+00
rch0420070913       3.136207E+00
rch0420071016       2.428869E+00
rch0420071114       1.896382E+00
rch0420080104       2.048397E+00
rch0420080206       1.807008E+00
rch0420080304       1.898206E+00
rch0420080408       1.535987E+00
rch0420080506       1.546479E+00
rch0420080613       1.714992E+00
rch0420080707       2.043566E+00
rch0420080728       2.382776E+00
rch0420080818       2.651434E+00
rch0420080908       2.683083E+00
rch0420080930       2.840194E+00
rch0420091019       2.494374E+00
rch0420091116       2.153627E+00
rch0420091214       1.971390E+00
rch0420100104       1.763934E+00
rch0420100124       1.586494E+00
rch0420100218       1.554454E+00
rch0420100308       1.941069E+00
rch0420100329       2.259070E+00
rch0420100419       1.463265E+00
rch0420100510       1.536153E+00
rch0420100602       2.095663E+00
rch0420100621       1.727353E+00
rch0420100712       1.934300E+00
rch0420100802       2.133728E+00
rch0420100823       2.453748E+00
rch0420100913       2.543347E+00
rch0420101004       2.569096E+00
rch0420101025       2.057748E+00
rch0420101117       2.248487E+00
rch0420101206       1.489168E+00
rch0420101227       2.367091E+00
rch0920080408       1.533400E+00
rch0920080506       1.270061E+00
rch0920080613       1.434344E+00
rch0920080707       1.713310E+00
rch0920080728       2.025483E+00
rch0920080818       2.413144E+00
rch0920080908       2.432894E+00
rch0920080930       2.606811E+00
rch1220070621       1.634798E+00
rch1220070719       2.069981E+00
rch1220070817       2.606035E+00
rch1220070913       2.869177E+00
rch1220071016       2.008035E+00
rch1220071114       1.647530E+00
rch1220080104       2.039045E+00
rch1220080206       1.750760E+00
rch1220080304       1.786629E+00
rch1220080408       1.482546E+00
rch1220080506       1.192159E+00
rch1220080613       1.352978E+00
rch1220080707       1.613956E+00
rch1220080728       1.917582E+00
rch1220080818       2.361653E+00
rch1220080908       2.375270E+00
rch1220080930       2.564757E+00
rch1720070621       1.430893E+00
rch1720070719       1.849969E+00
rch1720070817       2.527316E+00
rch1720070913       2.779826E+00
rch1720071016       1.821321E+00
rch1720071114       1.505205E+00
rch1720071204       2.361848E+00
rch1720071205       2.255784E+00
rch1720071206       2.071143E+00
rch1720080104       1.983454E+00
rch1720080206       1.707309E+00
rch1720080304       1.768621E+00
rch1720080408       1.431350E+00
rch1720080506       1.046138E+00
rch1720081111       2.158292E+00
rch1720081112       2.275244E+00
rch1720081113       2.271250E+00
rch1720091019       1.840362E+00
rch1720091116       2.168683E+00
rch1720091214       2.116916E+00
rch1720100104       1.575169E+00
rch1720100124       1.718621E+00
rch1720100218       1.299864E+00
rch1720100308       1.706693E+00
rch1720100329       2.198283E+00
rch1720100419       1.056410E+00
rch1720100510       1.040027E+00
rch1720100602       2.180561E+00
rch1720100621       1.201379E+00
rch1720100712       1.355846E+00
rch1720100802       1.472373E+00
rch1720100823       1.775456E+00
rch1720100913       1.874694E+00
rch1720101004       1.921909E+00
rch1720101025       1.976700E+00
rch1720101117       2.186121E+00
rch1720101206       1.541012E+00
rch1720101227       2.290696E+00
rch1820070621       1.367923E+00
rch1820070719       1.780133E+00
rch1820070817       2.513784E+00
rch1820070913       2.766879E+00
rch1820071016       1.760091E+00
rch1820071114       1.451272E+00
rch1820080104       1.950994E+00
rch1820080206       1.678726E+00
rch1820080304       1.751291E+00
rch1820080408       1.404097E+00
rch1820080506       1.007268E+00
rch0420070817dig    2.876104E+00
rch0420070913dig    3.136207E+00
rch0420080613dig    1.714992E+00
rch0420080707dig    2.043566E+00
rch0420080818dig    2.651434E+00
rch0420080908dig    2.683083E+00
rch0420080930dig    2.840194E+00
rch0420100329dig    2.259070E+00
rch0420100602dig    2.095663E+00
rch0420100802dig    2.133728E+00
rch0420100913dig    2.543347E+00
rch0420101025dig    2.057748E+00
rch1720081113dig    2.271250E+00
rch1720100329dig    2.198283E+00
rch1720100602dig    2.180561E+00
rch1720101025dig    1.976700E+00
